<?xml version="1.0" encoding="UTF-8"?>
<!-- Generated by org.testng.reporters.JUnitReportReporter -->
<testsuite hostname="MacBook-Pro-2.local" name="com.vrtoonjava.invoices.InvoiceFilterTest" tests="1" failures="0" timestamp="13 May 2017 16:50:04 GMT" time="0.001" errors="0">
  <testcase name="testAccept" time="0.001" classname="com.vrtoonjava.invoices.InvoiceFilterTest"/>
</testsuite> <!-- com.vrtoonjava.invoices.InvoiceFilterTest -->
