<?xml version="1.0" encoding="UTF-8"?>
<!-- Generated by org.testng.reporters.JUnitReportReporter -->
<testsuite hostname="MacBook-Pro-2.local" name="com.vrtoonjava.invoices.ForeignPaymentCreatorTest" tests="2" failures="0" timestamp="13 May 2017 16:50:04 GMT" time="0.012" errors="0">
  <testcase name="testCreatePayment_WithoutIban" time="0.001" classname="com.vrtoonjava.invoices.ForeignPaymentCreatorTest"/>
  <testcase name="testCreatePayment" time="0.011" classname="com.vrtoonjava.invoices.ForeignPaymentCreatorTest"/>
</testsuite> <!-- com.vrtoonjava.invoices.ForeignPaymentCreatorTest -->
